14:15:54.662 INFO [GridLauncherV3.parse] - Selenium server version: 3.141.59, revision: e82be7d358
14:15:54.745 INFO [GridLauncherV3.lambda$buildLaunchers$3] - Launching a standalone Selenium Server on port 4444
2019-08-02 14:15:54.819:INFO::main: Logging initialized @560ms to org.seleniumhq.jetty9.util.log.StdErrLog
14:15:55.133 INFO [WebDriverServlet.<init>] - Initialising WebDriverServlet
14:15:55.313 INFO [SeleniumServer.boot] - Selenium Server is up and running on port 4444
14:15:56.008 INFO [ActiveSessionFactory.apply] - Capabilities are: {
  "acceptSslCerts": true,
  "browserName": "chrome",
  "chromeOptions": {
    "w3c": false,
    "args": [
    ]
  },
  "name": "Duckduck"
}
14:15:56.011 INFO [ActiveSessionFactory.lambda$apply$11] - Matched factory org.openqa.selenium.grid.session.remote.ServicedSession$Factory (provider: org.openqa.selenium.chrome.ChromeDriverService)
Starting ChromeDriver 76.0.3809.68 (420c9498db8ce8fcd190a954d51297672c1515d5-refs/branch-heads/3809@{#864}) on port 45339
Only local connections are allowed.
Please protect ports used by ChromeDriver and related test frameworks to prevent access by malicious code.
14:15:58.800 INFO [ProtocolHandshake.createSession] - Detected dialect: OSS
14:15:59.159 INFO [RemoteSession$Factory.lambda$performHandshake$0] - Started new session 0e713437118cb21430be3d9e853fb4f3 (org.openqa.selenium.chrome.ChromeDriverService)
14:16:09.337 INFO [ActiveSessions$1.onStop] - Removing session 0e713437118cb21430be3d9e853fb4f3 (org.openqa.selenium.chrome.ChromeDriverService)
